Build started 3/4/2013 2:55:02 PM.
     1>Project "E:\Graded Projects CSI\Program 3\Program 3\Program 3.vcxproj" on node 2 (build target(s)).
     1>InitializeBuildStatus:
         Creating "Debug\Program 3.unsuccessfulbuild" because "AlwaysCreate" was specified.
       ClCompile:
         c:\Program Files\Microsoft Visual Studio 10.0\VC\bin\CL.exe /c /ZI /nologo /W3 /WX- /Od /Oy- /D _MBCS /Gm /EHsc /RTC1 /MDd /GS /fp:precise /Zc:wchar_t /Zc:forScope /Fo"Debug\\" /Fd"Debug\vc100.pdb" /Gd /TP /analyze- /errorReport:prompt program3.cpp
         program3.cpp
     1>e:\graded projects csi\program 3\program 3\program3.cpp(71): warning C4101: 'num' : unreferenced local variable
       Link:
         c:\Program Files\Microsoft Visual Studio 10.0\VC\bin\link.exe /ERRORREPORT:PROMPT /OUT:"E:\Graded Projects CSI\Program 3\Debug\Program 3.exe" /NOLOGO kernel32.lib user32.lib gdi32.lib winspool.lib comdlg32.lib advapi32.lib shell32.lib ole32.lib oleaut32.lib uuid.lib odbc32.lib odbccp32.lib /MANIFEST /ManifestFile:"Debug\Program 3.exe.intermediate.manifest" /MANIFESTUAC:"level='asInvoker' uiAccess='false'" /DEBUG /PDB:"E:\Graded Projects CSI\Program 3\Debug\Program 3.pdb" /TLBID:1 /DYNAMICBASE /NXCOMPAT /IMPLIB:"E:\Graded Projects CSI\Program 3\Debug\Program 3.lib" /MACHINE:X86 Debug\program3.obj
         LINK : E:\Graded Projects CSI\Program 3\Debug\Program 3.exe not found or not built by the last incremental link; performing full link
         Program 3.vcxproj -> E:\Graded Projects CSI\Program 3\Debug\Program 3.exe
       Manifest:
         C:\Program Files\Microsoft SDKs\Windows\v7.0A\bin\mt.exe /nologo /verbose /outputresource:"E:\Graded Projects CSI\Program 3\Debug\Program 3.exe;#1" /manifest "Debug\Program 3.exe.intermediate.manifest"
       FinalizeBuildStatus:
         Deleting file "Debug\Program 3.unsuccessfulbuild".
         Touching "Debug\Program 3.lastbuildstate".
     1>Done Building Project "E:\Graded Projects CSI\Program 3\Program 3\Program 3.vcxproj" (build target(s)).

Build succeeded.

Time Elapsed 00:00:11.35
